Flow report for MIPS_PipelinedCPU
Wed Nov 28 09:29:02 2018
Quartus Prime Version 18.0.0 Build 614 04/24/2018 SJ Lite Edition


---------------------
; Table of Contents ;
---------------------
  1. Legal Notice
  2. Flow Summary
  3. Flow Settings
  4. Flow Non-Default Global Settings
  5. Flow Elapsed Time
  6. Flow OS Summary
  7. Flow Log
  8. Flow Messages
  9. Flow Suppressed Messages



----------------
; Legal Notice ;
----------------
Copyright (C) 2018  Intel Corporation. All rights reserved.
Your use of Intel Corporation's design tools, logic functions 
and other software and tools, and its AMPP partner logic 
functions, and any output files from any of the foregoing 
(including device programming or simulation files), and any 
associated documentation or information are expressly subject 
to the terms and conditions of the Intel Program License 
Subscription Agreement, the Intel Quartus Prime License Agreement,
the Intel FPGA IP License Agreement, or other applicable license
agreement, including, without limitation, that your use is for
the sole purpose of programming logic devices manufactured by
Intel and sold by Intel or its authorized distributors.  Please
refer to the applicable agreement for further details.



+-------------------------------------------------------------------------------+
; Flow Summary                                                                  ;
+---------------------------------+---------------------------------------------+
; Flow Status                     ; Successful - Wed Nov 28 09:29:02 2018       ;
; Quartus Prime Version           ; 18.0.0 Build 614 04/24/2018 SJ Lite Edition ;
; Revision Name                   ; MIPS_PipelinedCPU                           ;
; Top-level Entity Name           ; MIPS_PipelinedCPU                           ;
; Family                          ; Cyclone V                                   ;
; Device                          ; 5CEBA4F23C7                                 ;
; Timing Models                   ; Final                                       ;
; Logic utilization (in ALMs)     ; 1,825 / 18,480 ( 10 % )                     ;
; Total registers                 ; 1054                                        ;
; Total pins                      ; 16 / 224 ( 7 % )                            ;
; Total virtual pins              ; 0                                           ;
; Total block memory bits         ; 314,368 / 3,153,920 ( 10 % )                ;
; Total DSP Blocks                ; 1 / 66 ( 2 % )                              ;
; Total HSSI RX PCSs              ; 0                                           ;
; Total HSSI PMA RX Deserializers ; 0                                           ;
; Total HSSI TX PCSs              ; 0                                           ;
; Total HSSI PMA TX Serializers   ; 0                                           ;
; Total PLLs                      ; 1 / 4 ( 25 % )                              ;
; Total DLLs                      ; 0 / 4 ( 0 % )                               ;
+---------------------------------+---------------------------------------------+


+-----------------------------------------+
; Flow Settings                           ;
+-------------------+---------------------+
; Option            ; Setting             ;
+-------------------+---------------------+
; Start date & time ; 11/28/2018 09:26:09 ;
; Main task         ; Compilation         ;
; Revision Name     ; MIPS_PipelinedCPU   ;
+-------------------+---------------------+


+-----------------------------------------------------------------------------------------------------------------------------+
; Flow Non-Default Global Settings                                                                                            ;
+-------------------------------------+----------------------------------------+---------------+-------------+----------------+
; Assignment Name                     ; Value                                  ; Default Value ; Entity Name ; Section Id     ;
+-------------------------------------+----------------------------------------+---------------+-------------+----------------+
; COMPILER_SIGNATURE_ID               ; 53447160273555.154341516904620         ; --            ; --          ; --             ;
; EDA_OUTPUT_DATA_FORMAT              ; Verilog Hdl                            ; --            ; --          ; eda_simulation ;
; EDA_SIMULATION_TOOL                 ; ModelSim (Verilog)                     ; <None>        ; --          ; --             ;
; EDA_TIME_SCALE                      ; 1 ps                                   ; --            ; --          ; eda_simulation ;
; MAX_CORE_JUNCTION_TEMP              ; 85                                     ; --            ; --          ; --             ;
; MIN_CORE_JUNCTION_TEMP              ; 0                                      ; --            ; --          ; --             ;
; MISC_FILE                           ; jump_mux.bsf                           ; --            ; --          ; --             ;
; MISC_FILE                           ; jump_mux_bb.v                          ; --            ; --          ; --             ;
; MISC_FILE                           ; RegDst_mux.bsf                         ; --            ; --          ; --             ;
; MISC_FILE                           ; RegDst_mux_bb.v                        ; --            ; --          ; --             ;
; MISC_FILE                           ; mux_32.bsf                             ; --            ; --          ; --             ;
; MISC_FILE                           ; mux_32_bb.v                            ; --            ; --          ; --             ;
; PARTITION_COLOR                     ; -- (Not supported for targeted family) ; --            ; DE0_CV      ; Top            ;
; PARTITION_COLOR                     ; -- (Not supported for targeted family) ; --            ; --          ; Top            ;
; PARTITION_FITTER_PRESERVATION_LEVEL ; -- (Not supported for targeted family) ; --            ; DE0_CV      ; Top            ;
; PARTITION_FITTER_PRESERVATION_LEVEL ; -- (Not supported for targeted family) ; --            ; --          ; Top            ;
; PARTITION_NETLIST_TYPE              ; -- (Not supported for targeted family) ; --            ; DE0_CV      ; Top            ;
; PARTITION_NETLIST_TYPE              ; -- (Not supported for targeted family) ; --            ; --          ; Top            ;
; POWER_BOARD_THERMAL_MODEL           ; None (CONSERVATIVE)                    ; --            ; --          ; --             ;
; POWER_PRESET_COOLING_SOLUTION       ; 23 MM HEAT SINK WITH 200 LFPM AIRFLOW  ; --            ; --          ; --             ;
; PROJECT_OUTPUT_DIRECTORY            ; output_files                           ; --            ; --          ; --             ;
+-------------------------------------+----------------------------------------+---------------+-------------+----------------+


+--------------------------------------------------------------------------------------------------------------------------+
; Flow Elapsed Time                                                                                                        ;
+----------------------+--------------+-------------------------+---------------------+------------------------------------+
; Module Name          ; Elapsed Time ; Average Processors Used ; Peak Virtual Memory ; Total CPU Time (on all processors) ;
+----------------------+--------------+-------------------------+---------------------+------------------------------------+
; Analysis & Synthesis ; 00:00:24     ; 1.0                     ; 4912 MB             ; 00:00:33                           ;
; Fitter               ; 00:02:09     ; 1.1                     ; 6490 MB             ; 00:03:41                           ;
; Assembler            ; 00:00:04     ; 1.0                     ; 4868 MB             ; 00:00:04                           ;
; Timing Analyzer      ; 00:00:09     ; 2.2                     ; 5195 MB             ; 00:00:18                           ;
; EDA Netlist Writer   ; 00:00:02     ; 1.0                     ; 4861 MB             ; 00:00:02                           ;
; Total                ; 00:02:48     ; --                      ; --                  ; 00:04:38                           ;
+----------------------+--------------+-------------------------+---------------------+------------------------------------+


+------------------------------------------------------------------------------------+
; Flow OS Summary                                                                    ;
+----------------------+------------------+------------+------------+----------------+
; Module Name          ; Machine Hostname ; OS Name    ; OS Version ; Processor type ;
+----------------------+------------------+------------+------------+----------------+
; Analysis & Synthesis ; DESKTOP-I3HP5OM  ; Windows 10 ; 10.0       ; x86_64         ;
; Fitter               ; DESKTOP-I3HP5OM  ; Windows 10 ; 10.0       ; x86_64         ;
; Assembler            ; DESKTOP-I3HP5OM  ; Windows 10 ; 10.0       ; x86_64         ;
; Timing Analyzer      ; DESKTOP-I3HP5OM  ; Windows 10 ; 10.0       ; x86_64         ;
; EDA Netlist Writer   ; DESKTOP-I3HP5OM  ; Windows 10 ; 10.0       ; x86_64         ;
+----------------------+------------------+------------+------------+----------------+


------------
; Flow Log ;
------------
quartus_map --read_settings_files=on --write_settings_files=off MIPS_PipelinedCPU -c MIPS_PipelinedCPU
quartus_fit --read_settings_files=off --write_settings_files=off MIPS_PipelinedCPU -c MIPS_PipelinedCPU
quartus_asm --read_settings_files=off --write_settings_files=off MIPS_PipelinedCPU -c MIPS_PipelinedCPU
quartus_sta MIPS_PipelinedCPU -c MIPS_PipelinedCPU
quartus_eda --read_settings_files=off --write_settings_files=off MIPS_PipelinedCPU -c MIPS_PipelinedCPU



